  Compiling CUDA source file kernel.cu...
  
  C:\Users\Matthias\Desktop\_ECSE420_fluidSim\FluidSim_cuda_GL\FluidSim_cuda_GL>"C:\Program Files\NVIDIA GPU Computing Toolkit\CUDA\v11.4\bin\nvcc.exe" -gencode=arch=compute_35,code=\"sm_35,compute_35\" -gencode=arch=compute_37,code=\"sm_37,compute_37\" -gencode=arch=compute_50,code=\"sm_50,compute_50\" -gencode=arch=compute_52,code=\"sm_52,compute_52\" -gencode=arch=compute_60,code=\"sm_60,compute_60\" -gencode=arch=compute_61,code=\"sm_61,compute_61\" -gencode=arch=compute_70,code=\"sm_70,compute_70\" -gencode=arch=compute_75,code=\"sm_75,compute_75\" -gencode=arch=compute_80,code=\"sm_80,compute_80\" -gencode=arch=compute_86,code=\"sm_86,compute_86\" -gencode=arch=compute_52,code=\"sm_52,compute_52\" --use-local-env -ccbin "D:\Program Files (x86)\Microsoft Visual Studio\2019\Community\VC\Tools\MSVC\14.29.30133\bin\HostX86\x64" -x cu -rdc=true  -I"C:\Program Files\NVIDIA GPU Computing Toolkit\CUDA\v11.4\include" -I"C:\Program Files\NVIDIA GPU Computing Toolkit\CUDA\v11.4\include"     --keep-dir x64\Debug -use_fast_math -maxrregcount=0  --machine 64 --compile -cudart static -arch sm_60   -DWIN32 -DWIN64 -D_DEBUG -D_CONSOLE -D_MBCS -Xcompiler "/EHsc /W3 /nologo /Od /Fdx64\Debug\vc142.pdb /FS /Zi /RTC1 /MDd " -o x64\Debug\kernel.cu.obj "C:\Users\Matthias\Desktop\_ECSE420_fluidSim\FluidSim_cuda_GL\FluidSim_cuda_GL\kernel.cu" 
c:\users\matthias\desktop\_ecse420_fluidsim\fluidsim_cuda_gl\fluidsim_cuda_gl\kernel.cu(36): warning : variable "size" was declared but never referenced
  
c:\users\matthias\desktop\_ecse420_fluidsim\fluidsim_cuda_gl\fluidsim_cuda_gl\kernel.cu(204): warning : variable "xtext" was declared but never referenced
  
c:\users\matthias\desktop\_ecse420_fluidsim\fluidsim_cuda_gl\fluidsim_cuda_gl\kernel.cu(204): warning : variable "ytext" was declared but never referenced
  
c:\users\matthias\desktop\_ecse420_fluidsim\fluidsim_cuda_gl\fluidsim_cuda_gl\kernel.cu(732): warning : function "reshape_func" was declared but never referenced
  
c:\users\matthias\desktop\_ecse420_fluidsim\fluidsim_cuda_gl\fluidsim_cuda_gl\kernel.cu(36): warning : variable "size" was declared but never referenced
  
c:\users\matthias\desktop\_ecse420_fluidsim\fluidsim_cuda_gl\fluidsim_cuda_gl\kernel.cu(204): warning : variable "xtext" was declared but never referenced
  
c:\users\matthias\desktop\_ecse420_fluidsim\fluidsim_cuda_gl\fluidsim_cuda_gl\kernel.cu(204): warning : variable "ytext" was declared but never referenced
  
c:\users\matthias\desktop\_ecse420_fluidsim\fluidsim_cuda_gl\fluidsim_cuda_gl\kernel.cu(732): warning : function "reshape_func" was declared but never referenced
  
c:\users\matthias\desktop\_ecse420_fluidsim\fluidsim_cuda_gl\fluidsim_cuda_gl\kernel.cu(36): warning : variable "size" was declared but never referenced
  
c:\users\matthias\desktop\_ecse420_fluidsim\fluidsim_cuda_gl\fluidsim_cuda_gl\kernel.cu(204): warning : variable "xtext" was declared but never referenced
  
c:\users\matthias\desktop\_ecse420_fluidsim\fluidsim_cuda_gl\fluidsim_cuda_gl\kernel.cu(204): warning : variable "ytext" was declared but never referenced
  
c:\users\matthias\desktop\_ecse420_fluidsim\fluidsim_cuda_gl\fluidsim_cuda_gl\kernel.cu(732): warning : function "reshape_func" was declared but never referenced
  
c:\users\matthias\desktop\_ecse420_fluidsim\fluidsim_cuda_gl\fluidsim_cuda_gl\kernel.cu(36): warning : variable "size" was declared but never referenced
  
c:\users\matthias\desktop\_ecse420_fluidsim\fluidsim_cuda_gl\fluidsim_cuda_gl\kernel.cu(204): warning : variable "xtext" was declared but never referenced
  
c:\users\matthias\desktop\_ecse420_fluidsim\fluidsim_cuda_gl\fluidsim_cuda_gl\kernel.cu(204): warning : variable "ytext" was declared but never referenced
  
c:\users\matthias\desktop\_ecse420_fluidsim\fluidsim_cuda_gl\fluidsim_cuda_gl\kernel.cu(732): warning : function "reshape_func" was declared but never referenced
  
c:\users\matthias\desktop\_ecse420_fluidsim\fluidsim_cuda_gl\fluidsim_cuda_gl\kernel.cu(36): warning : variable "size" was declared but never referenced
  
c:\users\matthias\desktop\_ecse420_fluidsim\fluidsim_cuda_gl\fluidsim_cuda_gl\kernel.cu(204): warning : variable "xtext" was declared but never referenced
  
c:\users\matthias\desktop\_ecse420_fluidsim\fluidsim_cuda_gl\fluidsim_cuda_gl\kernel.cu(204): warning : variable "ytext" was declared but never referenced
  
c:\users\matthias\desktop\_ecse420_fluidsim\fluidsim_cuda_gl\fluidsim_cuda_gl\kernel.cu(732): warning : function "reshape_func" was declared but never referenced
  
c:\users\matthias\desktop\_ecse420_fluidsim\fluidsim_cuda_gl\fluidsim_cuda_gl\kernel.cu(36): warning : variable "size" was declared but never referenced
  
c:\users\matthias\desktop\_ecse420_fluidsim\fluidsim_cuda_gl\fluidsim_cuda_gl\kernel.cu(204): warning : variable "xtext" was declared but never referenced
  
c:\users\matthias\desktop\_ecse420_fluidsim\fluidsim_cuda_gl\fluidsim_cuda_gl\kernel.cu(204): warning : variable "ytext" was declared but never referenced
  
c:\users\matthias\desktop\_ecse420_fluidsim\fluidsim_cuda_gl\fluidsim_cuda_gl\kernel.cu(732): warning : function "reshape_func" was declared but never referenced
  
c:\users\matthias\desktop\_ecse420_fluidsim\fluidsim_cuda_gl\fluidsim_cuda_gl\kernel.cu(36): warning : variable "size" was declared but never referenced
  
c:\users\matthias\desktop\_ecse420_fluidsim\fluidsim_cuda_gl\fluidsim_cuda_gl\kernel.cu(204): warning : variable "xtext" was declared but never referenced
  
c:\users\matthias\desktop\_ecse420_fluidsim\fluidsim_cuda_gl\fluidsim_cuda_gl\kernel.cu(204): warning : variable "ytext" was declared but never referenced
  
c:\users\matthias\desktop\_ecse420_fluidsim\fluidsim_cuda_gl\fluidsim_cuda_gl\kernel.cu(732): warning : function "reshape_func" was declared but never referenced
  
c:\users\matthias\desktop\_ecse420_fluidsim\fluidsim_cuda_gl\fluidsim_cuda_gl\kernel.cu(36): warning : variable "size" was declared but never referenced
  
c:\users\matthias\desktop\_ecse420_fluidsim\fluidsim_cuda_gl\fluidsim_cuda_gl\kernel.cu(204): warning : variable "xtext" was declared but never referenced
  
c:\users\matthias\desktop\_ecse420_fluidsim\fluidsim_cuda_gl\fluidsim_cuda_gl\kernel.cu(204): warning : variable "ytext" was declared but never referenced
  
c:\users\matthias\desktop\_ecse420_fluidsim\fluidsim_cuda_gl\fluidsim_cuda_gl\kernel.cu(732): warning : function "reshape_func" was declared but never referenced
  
c:\users\matthias\desktop\_ecse420_fluidsim\fluidsim_cuda_gl\fluidsim_cuda_gl\kernel.cu(36): warning : variable "size" was declared but never referenced
  
c:\users\matthias\desktop\_ecse420_fluidsim\fluidsim_cuda_gl\fluidsim_cuda_gl\kernel.cu(204): warning : variable "xtext" was declared but never referenced
  
c:\users\matthias\desktop\_ecse420_fluidsim\fluidsim_cuda_gl\fluidsim_cuda_gl\kernel.cu(204): warning : variable "ytext" was declared but never referenced
  
c:\users\matthias\desktop\_ecse420_fluidsim\fluidsim_cuda_gl\fluidsim_cuda_gl\kernel.cu(732): warning : function "reshape_func" was declared but never referenced
  
c:\users\matthias\desktop\_ecse420_fluidsim\fluidsim_cuda_gl\fluidsim_cuda_gl\kernel.cu(36): warning : variable "size" was declared but never referenced
  
c:\users\matthias\desktop\_ecse420_fluidsim\fluidsim_cuda_gl\fluidsim_cuda_gl\kernel.cu(204): warning : variable "xtext" was declared but never referenced
  
c:\users\matthias\desktop\_ecse420_fluidsim\fluidsim_cuda_gl\fluidsim_cuda_gl\kernel.cu(204): warning : variable "ytext" was declared but never referenced
  
c:\users\matthias\desktop\_ecse420_fluidsim\fluidsim_cuda_gl\fluidsim_cuda_gl\kernel.cu(732): warning : function "reshape_func" was declared but never referenced
  
CUDACOMPILE : nvcc warning : The 'compute_35', 'compute_37', 'compute_50', 'sm_35', 'sm_37' and 'sm_50' architectures are deprecated, and may be removed in a future release (Use -Wno-deprecated-gpu-targets to suppress warning).
  kernel.cu
c:\users\matthias\desktop\_ecse420_fluidsim\fluidsim_cuda_gl\fluidsim_cuda_gl\kernel.cu(167): warning C4305: 'initializing': truncation from 'double' to 'float'
c:\users\matthias\desktop\_ecse420_fluidsim\fluidsim_cuda_gl\fluidsim_cuda_gl\kernel.cu(179): warning C4305: 'initializing': truncation from 'double' to 'float'
c:\users\matthias\desktop\_ecse420_fluidsim\fluidsim_cuda_gl\fluidsim_cuda_gl\kernel.cu(535): warning C4305: 'argument': truncation from 'double' to 'GLfloat'
c:\users\matthias\desktop\_ecse420_fluidsim\fluidsim_cuda_gl\fluidsim_cuda_gl\kernel.cu(537): warning C4305: 'argument': truncation from 'double' to 'GLfloat'
c:\users\matthias\desktop\_ecse420_fluidsim\fluidsim_cuda_gl\fluidsim_cuda_gl\kernel.cu(539): warning C4305: 'argument': truncation from 'double' to 'GLfloat'
c:\users\matthias\desktop\_ecse420_fluidsim\fluidsim_cuda_gl\fluidsim_cuda_gl\kernel.cu(541): warning C4305: 'argument': truncation from 'double' to 'GLfloat'
c:\users\matthias\desktop\_ecse420_fluidsim\fluidsim_cuda_gl\fluidsim_cuda_gl\kernel.cu(549): warning C4305: 'argument': truncation from 'double' to 'GLfloat'
c:\users\matthias\desktop\_ecse420_fluidsim\fluidsim_cuda_gl\fluidsim_cuda_gl\kernel.cu(562): warning C4244: 'initializing': conversion from 'double' to 'float', possible loss of data
c:\users\matthias\desktop\_ecse420_fluidsim\fluidsim_cuda_gl\fluidsim_cuda_gl\kernel.cu(563): warning C4244: 'initializing': conversion from 'double' to 'float', possible loss of data
c:\users\matthias\desktop\_ecse420_fluidsim\fluidsim_cuda_gl\fluidsim_cuda_gl\kernel.cu(581): warning C4244: 'initializing': conversion from 'double' to 'float', possible loss of data
c:\users\matthias\desktop\_ecse420_fluidsim\fluidsim_cuda_gl\fluidsim_cuda_gl\kernel.cu(582): warning C4244: 'initializing': conversion from 'double' to 'float', possible loss of data
c:\users\matthias\desktop\_ecse420_fluidsim\fluidsim_cuda_gl\fluidsim_cuda_gl\kernel.cu(583): warning C4244: 'initializing': conversion from 'double' to 'float', possible loss of data
c:\users\matthias\desktop\_ecse420_fluidsim\fluidsim_cuda_gl\fluidsim_cuda_gl\kernel.cu(584): warning C4244: 'initializing': conversion from 'double' to 'float', possible loss of data
c:\users\matthias\desktop\_ecse420_fluidsim\fluidsim_cuda_gl\fluidsim_cuda_gl\kernel.cu(585): warning C4244: 'initializing': conversion from 'double' to 'float', possible loss of data
c:\users\matthias\desktop\_ecse420_fluidsim\fluidsim_cuda_gl\fluidsim_cuda_gl\kernel.cu(587): warning C4305: '+=': truncation from 'double' to 'float'
c:\users\matthias\desktop\_ecse420_fluidsim\fluidsim_cuda_gl\fluidsim_cuda_gl\kernel.cu(876): warning C4244: '=': conversion from 'double' to 'volatile float', possible loss of data
c:\users\matthias\desktop\_ecse420_fluidsim\fluidsim_cuda_gl\fluidsim_cuda_gl\kernel.cu(877): warning C4244: '=': conversion from 'double' to 'volatile float', possible loss of data
c:\users\matthias\desktop\_ecse420_fluidsim\fluidsim_cuda_gl\fluidsim_cuda_gl\kernel.cu(878): warning C4244: '=': conversion from 'double' to 'volatile float', possible loss of data
c:\users\matthias\desktop\_ecse420_fluidsim\fluidsim_cuda_gl\fluidsim_cuda_gl\kernel.cu(879): warning C4244: '=': conversion from 'double' to 'volatile float', possible loss of data
c:\users\matthias\desktop\_ecse420_fluidsim\fluidsim_cuda_gl\fluidsim_cuda_gl\kernel.cu(880): warning C4244: '=': conversion from 'double' to 'volatile float', possible loss of data
  
  C:\Users\Matthias\Desktop\_ECSE420_fluidSim\FluidSim_cuda_GL\FluidSim_cuda_GL>"C:\Program Files\NVIDIA GPU Computing Toolkit\CUDA\v11.4\bin\nvcc.exe" -dlink -o x64\Debug\fluidSim_cuda_gui.device-link.obj -Xcompiler "/EHsc /W3 /nologo /Od /Fdx64\Debug\vc142.pdb /Zi /RTC1 /MDd " -L"C:\Program Files\NVIDIA GPU Computing Toolkit\CUDA\v11.4\bin/crt" -L"C:\Program Files\NVIDIA GPU Computing Toolkit\CUDA\v11.4\lib\x64" cudart_static.lib kernel32.lib user32.lib gdi32.lib winspool.lib comdlg32.lib advapi32.lib shell32.lib ole32.lib oleaut32.lib uuid.lib odbc32.lib odbccp32.lib cudart.lib cudadevrt.lib  -gencode=arch=compute_35,code=sm_35 -gencode=arch=compute_37,code=sm_37 -gencode=arch=compute_50,code=sm_50 -gencode=arch=compute_52,code=sm_52 -gencode=arch=compute_60,code=sm_60 -gencode=arch=compute_61,code=sm_61 -gencode=arch=compute_70,code=sm_70 -gencode=arch=compute_75,code=sm_75 -gencode=arch=compute_80,code=sm_80 -gencode=arch=compute_86,code=sm_86 -gencode=arch=compute_52,code=sm_52  --machine 64 x64\Debug\kernel.cu.obj 
CUDALINK : nvcc warning : The 'compute_35', 'compute_37', 'compute_50', 'sm_35', 'sm_37' and 'sm_50' architectures are deprecated, and may be removed in a future release (Use -Wno-deprecated-gpu-targets to suppress warning).
  cudart_static.lib
  kernel32.lib
  user32.lib
  gdi32.lib
  winspool.lib
  comdlg32.lib
  advapi32.lib
  shell32.lib
  ole32.lib
  oleaut32.lib
  uuid.lib
  odbc32.lib
  odbccp32.lib
  cudart.lib
  cudadevrt.lib
  kernel.cu.obj
  FluidSim_cuda_GL.vcxproj -> C:\Users\Matthias\Desktop\_ECSE420_fluidSim\FluidSim_cuda_GL\x64\Debug\fluidSim_cuda_gui.exe
